Update: Thu May  1 07:54:36 UTC 2025
Update: Fri May  2 02:38:17 UTC 2025
Update: Sat May  3 02:27:33 UTC 2025
Update: Sun May  4 02:46:51 UTC 2025
Update: Mon May  5 02:43:20 UTC 2025
Update: Tue May  6 02:39:13 UTC 2025
Update: Wed May  7 02:40:49 UTC 2025
Update: Thu May  8 02:41:19 UTC 2025
Update: Fri May  9 02:40:27 UTC 2025
Update: Sat May 10 02:27:56 UTC 2025
Update: Sun May 11 02:44:41 UTC 2025
Update: Mon May 12 02:44:23 UTC 2025
Update: Tue May 13 02:42:21 UTC 2025
Update: Wed May 14 02:40:51 UTC 2025
Update: Thu May 15 02:40:03 UTC 2025
Update: Fri May 16 02:42:20 UTC 2025
Update: Sat May 17 02:37:09 UTC 2025
Update: Sun May 18 02:47:34 UTC 2025
Update: Mon May 19 02:47:39 UTC 2025
Update: Tue May 20 02:42:58 UTC 2025
Update: Wed May 21 02:42:26 UTC 2025
Update: Thu May 22 02:41:50 UTC 2025
Update: Fri May 23 02:41:43 UTC 2025
Update: Sat May 24 02:36:00 UTC 2025
Update: Sun May 25 02:49:50 UTC 2025
Update: Mon May 26 02:46:37 UTC 2025
Update: Tue May 27 02:41:18 UTC 2025
Update: Wed May 28 02:43:22 UTC 2025
Update: Thu May 29 02:43:23 UTC 2025
Update: Fri May 30 02:41:37 UTC 2025
Update: Sat May 31 02:39:05 UTC 2025
Update: Sun Jun  1 03:01:55 UTC 2025
Update: Mon Jun  2 02:49:52 UTC 2025
Update: Tue Jun  3 02:45:30 UTC 2025
Update: Wed Jun  4 02:45:56 UTC 2025
Update: Thu Jun  5 02:45:24 UTC 2025
Update: Fri Jun  6 02:44:39 UTC 2025
Update: Sat Jun  7 02:42:23 UTC 2025
Update: Sun Jun  8 02:53:28 UTC 2025
Update: Mon Jun  9 02:51:35 UTC 2025
Update: Tue Jun 10 02:47:35 UTC 2025
Update: Wed Jun 11 02:46:39 UTC 2025
Update: Thu Jun 12 02:45:35 UTC 2025
Update: Fri Jun 13 02:46:47 UTC 2025
Update: Sat Jun 14 02:41:12 UTC 2025
Update: Sun Jun 15 02:54:31 UTC 2025
Update: Mon Jun 16 02:50:58 UTC 2025
Update: Tue Jun 17 02:47:13 UTC 2025
Update: Wed Jun 18 02:46:03 UTC 2025
Update: Thu Jun 19 02:47:20 UTC 2025
Update: Fri Jun 20 02:46:25 UTC 2025
Update: Sat Jun 21 02:41:51 UTC 2025
Update: Sun Jun 22 02:55:08 UTC 2025
Update: Mon Jun 23 02:55:49 UTC 2025
Update: Tue Jun 24 02:48:06 UTC 2025
Update: Wed Jun 25 02:48:50 UTC 2025
Update: Thu Jun 26 02:47:32 UTC 2025
Update: Fri Jun 27 02:48:40 UTC 2025
Update: Sat Jun 28 02:42:58 UTC 2025
Update: Sun Jun 29 02:58:01 UTC 2025
Update: Mon Jun 30 02:53:50 UTC 2025
Update: Tue Jul  1 03:00:31 UTC 2025
Update: Wed Jul  2 02:48:16 UTC 2025
Update: Thu Jul  3 02:49:49 UTC 2025
Update: Fri Jul  4 02:48:01 UTC 2025
Update: Sat Jul  5 02:42:42 UTC 2025
Update: Sun Jul  6 02:56:31 UTC 2025
Update: Mon Jul  7 02:54:31 UTC 2025
Update: Tue Jul  8 02:49:21 UTC 2025
Update: Wed Jul  9 02:51:22 UTC 2025
Update: Thu Jul 10 02:51:14 UTC 2025
Update: Fri Jul 11 02:54:54 UTC 2025
Update: Sat Jul 12 02:54:08 UTC 2025
Update: Sun Jul 13 03:02:08 UTC 2025
Update: Mon Jul 14 03:00:36 UTC 2025
Update: Tue Jul 15 02:59:04 UTC 2025
Update: Wed Jul 16 02:55:45 UTC 2025
Update: Thu Jul 17 02:55:58 UTC 2025
Update: Fri Jul 18 02:58:28 UTC 2025
Update: Sat Jul 19 02:50:43 UTC 2025
Update: Sun Jul 20 03:05:47 UTC 2025
Update: Mon Jul 21 03:04:36 UTC 2025
Update: Tue Jul 22 02:58:02 UTC 2025
Update: Wed Jul 23 02:58:58 UTC 2025
Update: Thu Jul 24 02:57:42 UTC 2025
Update: Fri Jul 25 02:57:39 UTC 2025
Update: Sat Jul 26 02:52:13 UTC 2025
Update: Sun Jul 27 03:07:13 UTC 2025
Update: Mon Jul 28 03:05:45 UTC 2025
Update: Tue Jul 29 03:09:19 UTC 2025
Update: Wed Jul 30 03:02:07 UTC 2025
Update: Thu Jul 31 03:01:18 UTC 2025
Update: Fri Aug  1 03:12:46 UTC 2025
Update: Sat Aug  2 02:53:19 UTC 2025
Update: Sun Aug  3 03:10:02 UTC 2025
Update: Mon Aug  4 03:12:16 UTC 2025
Update: Tue Aug  5 03:04:48 UTC 2025
Update: Wed Aug  6 03:03:13 UTC 2025
Update: Thu Aug  7 03:03:24 UTC 2025
Update: Fri Aug  8 03:02:50 UTC 2025
Update: Sat Aug  9 02:48:23 UTC 2025
Update: Sun Aug 10 03:04:24 UTC 2025
Update: Mon Aug 11 03:02:26 UTC 2025
Update: Tue Aug 12 02:46:47 UTC 2025
Update: Wed Aug 13 02:48:51 UTC 2025
Update: Thu Aug 14 02:49:47 UTC 2025
Update: Fri Aug 15 02:51:04 UTC 2025
Update: Sat Aug 16 02:43:18 UTC 2025
Update: Sun Aug 17 02:55:11 UTC 2025
Update: Mon Aug 18 02:58:08 UTC 2025
Update: Tue Aug 19 02:40:52 UTC 2025
Update: Wed Aug 20 02:39:01 UTC 2025
Update: Thu Aug 21 02:38:46 UTC 2025
Update: Fri Aug 22 02:39:04 UTC 2025
Update: Sat Aug 23 02:25:18 UTC 2025
Update: Sun Aug 24 02:48:57 UTC 2025
Update: Mon Aug 25 02:44:40 UTC 2025
Update: Tue Aug 26 02:40:02 UTC 2025
Update: Wed Aug 27 02:25:34 UTC 2025
Update: Thu Aug 28 02:25:11 UTC 2025
Update: Fri Aug 29 02:25:41 UTC 2025
Update: Sat Aug 30 02:19:51 UTC 2025
Update: Sun Aug 31 02:38:18 UTC 2025
Update: Mon Sep  1 02:51:48 UTC 2025
Update: Tue Sep  2 02:27:40 UTC 2025
Update: Wed Sep  3 02:18:43 UTC 2025
Update: Thu Sep  4 02:19:05 UTC 2025
Update: Fri Sep  5 02:22:37 UTC 2025
Update: Sat Sep  6 02:18:28 UTC 2025
Update: Sun Sep  7 02:26:02 UTC 2025
Update: Mon Sep  8 02:27:43 UTC 2025
Update: Tue Sep  9 02:24:08 UTC 2025
Update: Wed Sep 10 02:18:57 UTC 2025
Update: Thu Sep 11 02:23:07 UTC 2025
Update: Fri Sep 12 02:18:53 UTC 2025
Update: Sat Sep 13 02:13:11 UTC 2025
Update: Sun Sep 14 02:25:58 UTC 2025
Update: Mon Sep 15 02:38:27 UTC 2025
Update: Tue Sep 16 02:19:55 UTC 2025
Update: Wed Sep 17 02:19:43 UTC 2025
Update: Thu Sep 18 02:20:19 UTC 2025
Update: Fri Sep 19 02:23:31 UTC 2025
Update: Sat Sep 20 02:17:24 UTC 2025
Update: Sun Sep 21 02:38:53 UTC 2025
Update: Mon Sep 22 02:39:05 UTC 2025
Update: Tue Sep 23 02:20:17 UTC 2025
Update: Wed Sep 24 02:21:37 UTC 2025
Update: Thu Sep 25 02:23:33 UTC 2025
